<?xml version="1.0" encoding="UTF-8"?>
<!-- Generated by org.testng.reporters.JUnitXMLReporter -->
<testsuite ignored="1" hostname="DESKTOP-VBSNDLQ" failures="0" tests="12" name="Default test" time="0.115" errors="0" timestamp="2023-04-02T12:06:26 IST">
  <testcase classname="TestNG_Practice" name="googleTest" time="0.006"/>
  <testcase classname="TestNG_Practice" name="m1" time="0.001"/>
  <testcase classname="TestNG_Practice" name="payment" time="0.001"/>
  <testcase classname="TestNG_Practice" name="registration" time="0.001"/>
  <testcase classname="TestNGFlowcheck" name="testcase1" time="0.001"/>
  <testcase classname="TestNG_Practice" name="login" time="0.005"/>
  <testcase classname="TestNG_Practice" name="homePage" time="0.001"/>
  <testcase classname="TestNGFlowcheck" name="testcase2" time="0.001"/>
  <testcase classname="TestNG_Practice" name="testcase4" time="0.002"/>
  <testcase classname="TestNG_Practice" name="testcase2" time="0.001"/>
  <testcase classname="TestNG_Practice" name="testcase1" time="0.001"/>
  <testcase classname="TestNG_Practice" name="testcase3" time="0.003"/>
  <testcase classname="TestNG_Practice" name="flipkartTest" time="0.0">
    <ignored/>
  </testcase> <!-- flipkartTest -->
</testsuite> <!-- Default test -->
