<?xml version="1.0" encoding="UTF-8"?>
<!-- Generated by org.testng.reporters.JUnitXMLReporter -->
<testsuite ignored="11" hostname="DESKTOP-VBSNDLQ" failures="0" tests="2" name="Test" time="0.072" errors="0" timestamp="2023-03-31T14:12:04 IST">
  <testcase classname="TestNG_Practice" name="m1" time="0.011"/>
  <testcase classname="TestNGFlowcheck" name="testcase2" time="0.001"/>
  <testcase classname="TestNG_Practice" name="login" time="0.0">
    <ignored/>
  </testcase> <!-- login -->
  <testcase classname="TestNG_Practice" name="homePage" time="0.0">
    <ignored/>
  </testcase> <!-- homePage -->
  <testcase classname="TestNGFlowcheck" name="testcase1" time="0.0">
    <ignored/>
  </testcase> <!-- testcase1 -->
  <testcase classname="TestNG_Practice" name="testcase4" time="0.0">
    <ignored/>
  </testcase> <!-- testcase4 -->
  <testcase classname="TestNG_Practice" name="payment" time="0.0">
    <ignored/>
  </testcase> <!-- payment -->
  <testcase classname="TestNG_Practice" name="testcase3" time="0.0">
    <ignored/>
  </testcase> <!-- testcase3 -->
  <testcase classname="TestNG_Practice" name="testcase2" time="0.0">
    <ignored/>
  </testcase> <!-- testcase2 -->
  <testcase classname="TestNG_Practice" name="registration" time="0.0">
    <ignored/>
  </testcase> <!-- registration -->
  <testcase classname="TestNG_Practice" name="flipkartTest" time="0.0">
    <ignored/>
  </testcase> <!-- flipkartTest -->
  <testcase classname="TestNG_Practice" name="testcase1" time="0.0">
    <ignored/>
  </testcase> <!-- testcase1 -->
  <testcase classname="TestNG_Practice" name="googleTest" time="0.0">
    <ignored/>
  </testcase> <!-- googleTest -->
</testsuite> <!-- Test -->
