<?xml version="1.0" encoding="UTF-8"?>
<testng-results ignored="1" total="13" passed="12" failed="0" skipped="0">
  <reporter-output>
  </reporter-output>
  <suite started-at="2023-04-02T12:06:25 IST" name="Default suite" finished-at="2023-04-02T12:06:26 IST" duration-ms="115">
    <groups>
      <group name="regression">
        <method signature="TestNGFlowcheck.testcase1()[pri:0, instance:TestNGFlowcheck@2dc54ad4]" name="testcase1" class="TestNGFlowcheck"/>
        <method signature="TestNG_Practice.payment()[pri:0, instance:TestNG_Practice@13fd2ccd]" name="payment" class="TestNG_Practice"/>
        <method signature="TestNG_Practice.registration()[pri:0, instance:TestNG_Practice@13fd2ccd]" name="registration" class="TestNG_Practice"/>
      </group> <!-- regression -->
      <group name="smoke">
        <method signature="TestNGFlowcheck.testcase2()[pri:0, instance:TestNGFlowcheck@2dc54ad4]" name="testcase2" class="TestNGFlowcheck"/>
        <method signature="TestNG_Practice.m1()[pri:0, instance:TestNG_Practice@13fd2ccd]" name="m1" class="TestNG_Practice"/>
      </group> <!-- smoke -->
    </groups>
    <test started-at="2023-04-02T12:06:25 IST" name="Default test" finished-at="2023-04-02T12:06:26 IST" duration-ms="115">
      <class name="TestNGFlowcheck">
        <test-method is-config="true" signature="m5()[pri:0, instance:TestNGFlowcheck@2dc54ad4]" started-at="2023-04-02T12:06:25 IST" name="m5" finished-at="2023-04-02T12:06:25 IST" duration-ms="11" status="PASS">
          <reporter-output>
          </reporter-output>
        </test-method> <!-- m5 -->
        <test-method is-config="true" signature="m6()[pri:0, instance:TestNGFlowcheck@2dc54ad4]" started-at="2023-04-02T12:06:25 IST" name="m6" finished-at="2023-04-02T12:06:25 IST" duration-ms="1" status="PASS">
          <reporter-output>
          </reporter-output>
        </test-method> <!-- m6 -->
        <test-method is-config="true" signature="m3()[pri:0, instance:TestNGFlowcheck@2dc54ad4]" started-at="2023-04-02T12:06:26 IST" name="m3" finished-at="2023-04-02T12:06:26 IST" duration-ms="0" status="PASS">
          <reporter-output>
          </reporter-output>
        </test-method> <!-- m3 -->
        <test-method is-config="true" signature="m1()[pri:0, instance:TestNGFlowcheck@2dc54ad4]" started-at="2023-04-02T12:06:26 IST" name="m1" finished-at="2023-04-02T12:06:26 IST" duration-ms="0" status="PASS">
          <reporter-output>
          </reporter-output>
        </test-method> <!-- m1 -->
        <test-method signature="testcase1()[pri:0, instance:TestNGFlowcheck@2dc54ad4]" started-at="2023-04-02T12:06:26 IST" name="testcase1" finished-at="2023-04-02T12:06:26 IST" duration-ms="1" status="PASS">
          <reporter-output>
          </reporter-output>
        </test-method> <!-- testcase1 -->
        <test-method is-config="true" signature="m2()[pri:0, instance:TestNGFlowcheck@2dc54ad4]" started-at="2023-04-02T12:06:26 IST" name="m2" finished-at="2023-04-02T12:06:26 IST" duration-ms="0" status="PASS">
          <reporter-output>
          </reporter-output>
        </test-method> <!-- m2 -->
        <test-method is-config="true" signature="m1()[pri:0, instance:TestNGFlowcheck@2dc54ad4]" started-at="2023-04-02T12:06:26 IST" name="m1" finished-at="2023-04-02T12:06:26 IST" duration-ms="1" status="PASS">
          <reporter-output>
          </reporter-output>
        </test-method> <!-- m1 -->
        <test-method signature="testcase2()[pri:0, instance:TestNGFlowcheck@2dc54ad4]" started-at="2023-04-02T12:06:26 IST" name="testcase2" finished-at="2023-04-02T12:06:26 IST" duration-ms="1" status="PASS">
          <reporter-output>
          </reporter-output>
        </test-method> <!-- testcase2 -->
        <test-method is-config="true" signature="m2()[pri:0, instance:TestNGFlowcheck@2dc54ad4]" started-at="2023-04-02T12:06:26 IST" name="m2" finished-at="2023-04-02T12:06:26 IST" duration-ms="0" status="PASS">
          <reporter-output>
          </reporter-output>
        </test-method> <!-- m2 -->
        <test-method is-config="true" signature="m4()[pri:0, instance:TestNGFlowcheck@2dc54ad4]" started-at="2023-04-02T12:06:26 IST" name="m4" finished-at="2023-04-02T12:06:26 IST" duration-ms="1" status="PASS">
          <reporter-output>
          </reporter-output>
        </test-method> <!-- m4 -->
        <test-method is-config="true" signature="m7()[pri:0, instance:TestNGFlowcheck@2dc54ad4]" started-at="2023-04-02T12:06:26 IST" name="m7" finished-at="2023-04-02T12:06:26 IST" duration-ms="1" status="PASS">
          <reporter-output>
          </reporter-output>
        </test-method> <!-- m7 -->
        <test-method is-config="true" signature="m8()[pri:0, instance:TestNGFlowcheck@2dc54ad4]" started-at="2023-04-02T12:06:26 IST" name="m8" finished-at="2023-04-02T12:06:26 IST" duration-ms="1" status="PASS">
          <reporter-output>
          </reporter-output>
        </test-method> <!-- m8 -->
      </class> <!-- TestNGFlowcheck -->
      <class name="TestNG_Practice">
        <test-method signature="googleTest()[pri:0, instance:TestNG_Practice@13fd2ccd]" started-at="2023-04-02T12:06:26 IST" name="googleTest" finished-at="2023-04-02T12:06:26 IST" duration-ms="6" status="PASS">
          <reporter-output>
          </reporter-output>
        </test-method> <!-- googleTest -->
        <test-method signature="m1()[pri:0, instance:TestNG_Practice@13fd2ccd]" started-at="2023-04-02T12:06:26 IST" name="m1" finished-at="2023-04-02T12:06:26 IST" duration-ms="1" status="PASS">
          <reporter-output>
          </reporter-output>
        </test-method> <!-- m1 -->
        <test-method signature="payment()[pri:0, instance:TestNG_Practice@13fd2ccd]" started-at="2023-04-02T12:06:26 IST" name="payment" finished-at="2023-04-02T12:06:26 IST" duration-ms="1" status="PASS">
          <reporter-output>
          </reporter-output>
        </test-method> <!-- payment -->
        <test-method signature="registration()[pri:0, instance:TestNG_Practice@13fd2ccd]" started-at="2023-04-02T12:06:26 IST" name="registration" finished-at="2023-04-02T12:06:26 IST" duration-ms="1" status="PASS">
          <reporter-output>
          </reporter-output>
        </test-method> <!-- registration -->
        <test-method signature="login()[pri:0, instance:TestNG_Practice@13fd2ccd]" started-at="2023-04-02T12:06:26 IST" name="login" depends-on-groups="regression" finished-at="2023-04-02T12:06:26 IST" duration-ms="5" status="PASS">
          <reporter-output>
          </reporter-output>
        </test-method> <!-- login -->
        <test-method signature="homePage()[pri:0, instance:TestNG_Practice@13fd2ccd]" started-at="2023-04-02T12:06:26 IST" name="homePage" finished-at="2023-04-02T12:06:26 IST" depends-on-methods="TestNG_Practice.login" duration-ms="1" status="PASS">
          <reporter-output>
          </reporter-output>
        </test-method> <!-- homePage -->
        <test-method signature="testcase4()[pri:1, instance:TestNG_Practice@13fd2ccd]" started-at="2023-04-02T12:06:26 IST" name="testcase4" finished-at="2023-04-02T12:06:26 IST" duration-ms="2" status="PASS">
          <reporter-output>
          </reporter-output>
        </test-method> <!-- testcase4 -->
        <test-method signature="testcase2()[pri:2, instance:TestNG_Practice@13fd2ccd]" started-at="2023-04-02T12:06:26 IST" name="testcase2" finished-at="2023-04-02T12:06:26 IST" duration-ms="1" status="PASS">
          <reporter-output>
          </reporter-output>
        </test-method> <!-- testcase2 -->
        <test-method signature="testcase1()[pri:3, instance:TestNG_Practice@13fd2ccd]" started-at="2023-04-02T12:06:26 IST" name="testcase1" finished-at="2023-04-02T12:06:26 IST" duration-ms="1" status="PASS">
          <reporter-output>
          </reporter-output>
        </test-method> <!-- testcase1 -->
        <test-method signature="testcase3()[pri:4, instance:TestNG_Practice@13fd2ccd]" started-at="2023-04-02T12:06:26 IST" name="testcase3" finished-at="2023-04-02T12:06:26 IST" duration-ms="3" status="PASS">
          <reporter-output>
          </reporter-output>
        </test-method> <!-- testcase3 -->
      </class> <!-- TestNG_Practice -->
    </test> <!-- Default test -->
  </suite> <!-- Default suite -->
</testng-results>
